<?xml version="1.0" encoding="UTF-8"?>
<testng-results skipped="0" failed="0" ignored="0" total="1" passed="1">
  <reporter-output>
  </reporter-output>
  <suite name="Default suite" duration-ms="3546" started-at="2021-01-18T13:17:34Z" finished-at="2021-01-18T13:17:38Z">
    <groups>
    </groups>
    <test name="Default test" duration-ms="3546" started-at="2021-01-18T13:17:34Z" finished-at="2021-01-18T13:17:38Z">
      <class name="Chrome.ExtentReportDemo">
        <test-method status="PASS" signature="loginTest()[pri:0, instance:Chrome.ExtentReportDemo@162fe6d]" name="loginTest" duration-ms="3261" started-at="2021-01-18T18:47:35Z" finished-at="2021-01-18T18:47:38Z">
          <reporter-output>
          </reporter-output>
        </test-method> <!-- loginTest -->
      </class> <!-- Chrome.ExtentReportDemo -->
    </test> <!-- Default test -->
  </suite> <!-- Default suite -->
</testng-results>
